[debug] [2025-03-04T11:31:57.052Z] ----------------------------------------------------------------------
[debug] [2025-03-04T11:31:57.055Z] Command:       C:\Program Files\nodejs\node.exe C:\Users\DELL\AppData\Roaming\npm\node_modules\firebase-tools\lib\bin\firebase.js init
[debug] [2025-03-04T11:31:57.056Z] CLI Version:   13.32.0
[debug] [2025-03-04T11:31:57.056Z] Platform:      win32
[debug] [2025-03-04T11:31:57.056Z] Node Version:  v22.14.0
[debug] [2025-03-04T11:31:57.056Z] Time:          Tue Mar 04 2025 12:31:57 GMT+0100 (heure normale d’Europe centrale)
[debug] [2025-03-04T11:31:57.056Z] ----------------------------------------------------------------------
[debug] 
[debug] [2025-03-04T11:31:57.064Z] > command requires scopes: ["email","openid","https://www.googleapis.com/auth/cloudplatformprojects.readonly","https://www.googleapis.com/auth/firebase","https://www.googleapis.com/auth/cloud-platform"]
[debug] [2025-03-04T11:31:57.065Z] > authorizing via signed-in user (wissamechahinezbenzerdjeb@gmail.com)
[info] 
     ######## #### ########  ######## ########     ###     ######  ########
     ##        ##  ##     ## ##       ##     ##  ##   ##  ##       ##
     ######    ##  ########  ######   ########  #########  ######  ######
     ##        ##  ##    ##  ##       ##     ## ##     ##       ## ##
     ##       #### ##     ## ######## ########  ##     ##  ######  ########

You're about to initialize a Firebase project in this directory:

  C:\Users\DELL\Desktop\tp s6 w\mini projet l3\flutter_application_1

[debug] [2025-03-04T11:36:42.197Z] ----------------------------------------------------------------------
[debug] [2025-03-04T11:36:42.201Z] Command:       C:\Program Files\nodejs\node.exe C:\Users\DELL\AppData\Roaming\npm\node_modules\firebase-tools\lib\bin\firebase.js init
[debug] [2025-03-04T11:36:42.201Z] CLI Version:   13.32.0
[debug] [2025-03-04T11:36:42.201Z] Platform:      win32
[debug] [2025-03-04T11:36:42.201Z] Node Version:  v22.14.0
[debug] [2025-03-04T11:36:42.202Z] Time:          Tue Mar 04 2025 12:36:42 GMT+0100 (heure normale d’Europe centrale)
[debug] [2025-03-04T11:36:42.202Z] ----------------------------------------------------------------------
[debug] 
[debug] [2025-03-04T11:36:42.210Z] > command requires scopes: ["email","openid","https://www.googleapis.com/auth/cloudplatformprojects.readonly","https://www.googleapis.com/auth/firebase","https://www.googleapis.com/auth/cloud-platform"]
[debug] [2025-03-04T11:36:42.210Z] > authorizing via signed-in user (wissamechahinezbenzerdjeb@gmail.com)
[info] 
     ######## #### ########  ######## ########     ###     ######  ########
     ##        ##  ##     ## ##       ##     ##  ##   ##  ##       ##
     ######    ##  ########  ######   ########  #########  ######  ######
     ##        ##  ##    ##  ##       ##     ## ##     ##       ## ##
     ##       #### ##     ## ######## ########  ##     ##  ######  ########

You're about to initialize a Firebase project in this directory:

  C:\Users\DELL\Desktop\tp s6 w\mini projet l3\flutter_application_1

